c:\users\cheat\desktop\cheats\assault cube internal\assaultcube_internal\assaultcube_internal\debug\vc142.pdb
c:\users\cheat\desktop\cheats\assault cube internal\assaultcube_internal\assaultcube_internal\debug\vc142.idb
c:\users\cheat\desktop\cheats\assault cube internal\assaultcube_internal\assaultcube_internal\debug\globaladdressess.obj
c:\users\cheat\desktop\cheats\assault cube internal\assaultcube_internal\assaultcube_internal\debug\gamesetup.obj
c:\users\cheat\desktop\cheats\assault cube internal\assaultcube_internal\assaultcube_internal\debug\dllmain.obj
c:\users\cheat\desktop\cheats\assault cube internal\assaultcube_internal\assaultcube_internal\debug\gldraw.obj
c:\users\cheat\desktop\cheats\assault cube internal\assaultcube_internal\assaultcube_internal\debug\eathook.obj
c:\users\cheat\desktop\cheats\assault cube internal\assaultcube_internal\assaultcube_internal\debug\eathookmanager.obj
c:\users\cheat\desktop\cheats\assault cube internal\assaultcube_internal\debug\assaultcube_internal.dll
c:\users\cheat\desktop\cheats\assault cube internal\assaultcube_internal\debug\assaultcube_internal.ilk
c:\users\cheat\desktop\cheats\assault cube internal\assaultcube_internal\debug\assaultcube_internal.pdb
c:\users\cheat\desktop\cheats\assault cube internal\assaultcube_internal\assaultcube_internal\debug\dllmain.obj.enc
c:\users\cheat\desktop\cheats\assault cube internal\assaultcube_internal\assaultcube_internal\debug\eathook.obj.enc
c:\users\cheat\desktop\cheats\assault cube internal\assaultcube_internal\assaultcube_internal\debug\gamesetup.nativecodeanalysis.xml
c:\users\cheat\desktop\cheats\assault cube internal\assaultcube_internal\assaultcube_internal\debug\globaladdressess.nativecodeanalysis.xml
c:\users\cheat\desktop\cheats\assault cube internal\assaultcube_internal\assaultcube_internal\debug\assaultc.96e35951.tlog\cl.command.1.tlog
c:\users\cheat\desktop\cheats\assault cube internal\assaultcube_internal\assaultcube_internal\debug\assaultc.96e35951.tlog\cl.read.1.tlog
c:\users\cheat\desktop\cheats\assault cube internal\assaultcube_internal\assaultcube_internal\debug\assaultc.96e35951.tlog\cl.write.1.tlog
c:\users\cheat\desktop\cheats\assault cube internal\assaultcube_internal\assaultcube_internal\debug\assaultc.96e35951.tlog\link.command.1.tlog
c:\users\cheat\desktop\cheats\assault cube internal\assaultcube_internal\assaultcube_internal\debug\assaultc.96e35951.tlog\link.read.1.tlog
c:\users\cheat\desktop\cheats\assault cube internal\assaultcube_internal\assaultcube_internal\debug\assaultc.96e35951.tlog\link.write.1.tlog
